* using log directory 'C:/R/Projects/candisc/revdep/checks/Guerry/new/Guerry.Rcheck'
* using R version 4.3.2 (2023-10-31 ucrt)
* using platform: x86_64-w64-mingw32 (64-bit)
* R was compiled by
    gcc.exe (GCC) 12.3.0
    GNU Fortran (GCC) 12.3.0
* running under: Windows 10 x64 (build 19044)
* using session charset: UTF-8
* using options '--no-manual --no-build-vignettes'
* checking for file 'Guerry/DESCRIPTION' ... OK
* checking extension type ... Package
* this is package 'Guerry' version '1.8.3'
* package encoding: UTF-8
* checking package namespace information ... OK
* checking package dependencies ... OK
* checking if this is a source package ... OK
* checking if there is a namespace ... OK
* checking for executable files ... OK
* checking for hidden files and directories ... OK
* checking for portable file names ... OK
* checking whether package 'Guerry' can be installed ... OK
* checking installed package size ... OK
* checking package directory ... OK
* checking 'build' directory ... OK
* checking DESCRIPTION meta-information ... OK
* checking top-level files ... OK
* checking for left-over files ... OK
* checking index information ... OK
* checking package subdirectories ... OK
* checking whether the package can be loaded ... OK
* checking whether the package can be loaded with stated dependencies ... OK
* checking whether the package can be unloaded cleanly ... OK
* checking whether the namespace can be loaded with stated dependencies ... OK
* checking whether the namespace can be unloaded cleanly ... OK
* checking Rd files ... OK
* checking Rd metadata ... OK
* checking Rd cross-references ... OK
* checking for missing documentation entries ... OK
* checking for code/documentation mismatches ... OK
* checking Rd \usage sections ... OK
* checking Rd contents ... OK
* checking for unstated dependencies in examples ... OK
* checking contents of 'data' directory ... OK
* checking data for non-ASCII characters ... OK
* checking LazyData ... OK
* checking data for ASCII and uncompressed saves ... OK
* checking installed files from 'inst/doc' ... OK
* checking files in 'vignettes' ... OK
* checking examples ... OK
* checking for unstated dependencies in vignettes ... OK
* checking package vignettes in 'inst/doc' ... OK
* checking running R code from vignettes ... ERROR
Errors in running code in vignettes:
when running code in 'guerry-multivariate.Rmd'
  ...
> pkgs <- unique(c(to.cite, .packages()))

> knitr::write_bib(pkgs, file = here::here("vignettes", 
+     "packages.bib"))
Warning in file(con, "w") :
  cannot open file 'C:/Users/friendly/AppData/Local/Temp/Rtmp6zgO7V/file61f0159e396b/vignettes/vignettes/packages.bib': No such file or directory

  When sourcing 'guerry-multivariate.R':
Error: cannot open the connection
Execution halted

  'MultiSpat.Rmd' using 'UTF-8'... OK
  'guerry-multivariate.Rmd' using 'UTF-8'... failed
* checking re-building of vignette outputs ... SKIPPED
* DONE
Status: 1 ERROR
