* installing *source* package 'smacof' ...
** package 'smacof' successfully unpacked and MD5 sums checked
** using staged installation
** libs
using C compiler: 'gcc.exe (GCC) 12.3.0'
gcc  -I"C:/R/R-43~1.2/include" -DNDEBUG     -I"C:/rtools43/x86_64-w64-mingw32.static.posix/include"     -O2 -Wall  -mfpmath=sse -msse2 -mstackrealign  -c init.c -o init.o
gcc  -I"C:/R/R-43~1.2/include" -DNDEBUG     -I"C:/rtools43/x86_64-w64-mingw32.static.posix/include"     -O2 -Wall  -mfpmath=sse -msse2 -mstackrealign  -c nextperm.c -o nextperm.o
nextperm.c: In function 'permNext':
nextperm.c:20:34: warning: unused variable 's' [-Wunused-variable]
   20 |         int             i, j, r, s, n = *nn;
      |                                  ^
nextperm.c:20:31: warning: unused variable 'r' [-Wunused-variable]
   20 |         int             i, j, r, s, n = *nn;
      |                               ^
gcc  -I"C:/R/R-43~1.2/include" -DNDEBUG     -I"C:/rtools43/x86_64-w64-mingw32.static.posix/include"     -O2 -Wall  -mfpmath=sse -msse2 -mstackrealign  -c weightedMean.c -o weightedMean.o
weightedMean.c: In function 'weightedMean':
weightedMean.c:24:7: warning: variable 'i' set but not used [-Wunused-but-set-variable]
   24 |   int i, k, l, ind, nprevties;
      |       ^
gcc  -I"C:/R/R-43~1.2/include" -DNDEBUG     -I"C:/rtools43/x86_64-w64-mingw32.static.posix/include"     -O2 -Wall  -mfpmath=sse -msse2 -mstackrealign  -c wmonreg.c -o wmonreg.o
gcc -shared -s -static-libgcc -o smacof.dll tmp.def init.o nextperm.o weightedMean.o wmonreg.o -LC:/rtools43/x86_64-w64-mingw32.static.posix/lib/x64 -LC:/rtools43/x86_64-w64-mingw32.static.posix/lib -LC:/R/R-43~1.2/bin/x64 -lR
installing to C:/R/Projects/candisc/revdep/checks/smacof/new/smacof.Rcheck/00LOCK-smacof/00new/smacof/libs/x64
** R
** data
*** moving datasets to lazyload DB
** inst
** byte-compile and prepare package for lazy loading
** help
*** installing help indices
** building package indices
** installing vignettes
** testing if installed package can be loaded from temporary location
** testing if installed package can be loaded from final location
** testing if installed package keeps a record of temporary installation path
* DONE (smacof)
